

Version:	3.12
CmdLine:	C:\Users\Moungsung Im\Desktop\内爹傍何\KalimbaMusicSheet\MusicSheetConverter.exe --l4j-debug
WOW64:		yes
Working dir:	C:\Users\Moungsung Im\Desktop\内爹傍何\KalimbaMusicSheet\.
Java min ver:	1.008.000
Java max ver:	
Bundled JRE:	jre
Check launcher:	C:\Users\Moungsung Im\Desktop\内爹傍何\KalimbaMusicSheet\jre\bin\javaw.exe (not found)
64-bit search:	SOFTWARE\JavaSoft\Java Runtime Environment...
Check:		SOFTWARE\JavaSoft\Java Runtime Environment\1.8
Check launcher:	C:\Program Files\Java\jre1.8.0_231\bin\javaw.exe (OK)
Match:		1.008.000
Check:		SOFTWARE\JavaSoft\Java Runtime Environment\1.8.0_144
Check launcher:	C:\Program Files\Java\jre1.8.0_144\bin\javaw.exe (OK)
Match:		1.008.000_144
Check:		SOFTWARE\JavaSoft\Java Runtime Environment\1.8.0_231
Check launcher:	C:\Program Files\Java\jre1.8.0_231\bin\javaw.exe (OK)
Match:		1.008.000_231
64-bit search:	SOFTWARE\JavaSoft\Java Development Kit...
Check:		SOFTWARE\JavaSoft\Java Development Kit\1.8
Ignore:		1.008.000
Check:		SOFTWARE\JavaSoft\Java Development Kit\1.8.0_144
Ignore:		1.008.000_144
64-bit search:	SOFTWARE\JavaSoft\JRE...
64-bit search:	SOFTWARE\JavaSoft\JDK...
Runtime used:	1.008.000_231 (64-bit)
Main class:	org.eclipse.jdt.internal.jarinjarloader.JarRsrcLoader
Add classpath:	.
Launcher:	C:\Program Files\Java\jre1.8.0_231\bin\javaw.exe
Launcher args:	-classpath "C:\Users\Moungsung Im\Desktop\内爹傍何\KalimbaMusicSheet\MusicSheetConverter.exe;." org.eclipse.jdt.internal.jarinjarloader.JarRsrcLoader
Args length:	149/32768 chars
Exit code:	0


Version:	3.12
CmdLine:	C:\Users\Moungsung Im\Desktop\内爹傍何\KalimbaMusicSheet\MusicSheetConverter.exe --l4j-debug
WOW64:		yes
Working dir:	C:\Users\Moungsung Im\Desktop\内爹傍何\KalimbaMusicSheet\.
Java min ver:	1.008.000
Java max ver:	
Bundled JRE:	jre
Check launcher:	C:\Users\Moungsung Im\Desktop\内爹傍何\KalimbaMusicSheet\jre\bin\javaw.exe (not found)
64-bit search:	SOFTWARE\JavaSoft\Java Runtime Environment...
Check:		SOFTWARE\JavaSoft\Java Runtime Environment\1.8
Check launcher:	C:\Program Files\Java\jre1.8.0_231\bin\javaw.exe (OK)
Match:		1.008.000
Check:		SOFTWARE\JavaSoft\Java Runtime Environment\1.8.0_144
Check launcher:	C:\Program Files\Java\jre1.8.0_144\bin\javaw.exe (OK)
Match:		1.008.000_144
Check:		SOFTWARE\JavaSoft\Java Runtime Environment\1.8.0_231
Check launcher:	C:\Program Files\Java\jre1.8.0_231\bin\javaw.exe (OK)
Match:		1.008.000_231
64-bit search:	SOFTWARE\JavaSoft\Java Development Kit...
Check:		SOFTWARE\JavaSoft\Java Development Kit\1.8
Ignore:		1.008.000
Check:		SOFTWARE\JavaSoft\Java Development Kit\1.8.0_144
Ignore:		1.008.000_144
64-bit search:	SOFTWARE\JavaSoft\JRE...
64-bit search:	SOFTWARE\JavaSoft\JDK...
Runtime used:	1.008.000_231 (64-bit)
Main class:	org.eclipse.jdt.internal.jarinjarloader.JarRsrcLoader
Add classpath:	.
Launcher:	C:\Program Files\Java\jre1.8.0_231\bin\javaw.exe
Launcher args:	-classpath "C:\Users\Moungsung Im\Desktop\内爹傍何\KalimbaMusicSheet\MusicSheetConverter.exe;." org.eclipse.jdt.internal.jarinjarloader.JarRsrcLoader
Args length:	149/32768 chars
Exit code:	0


Version:	3.12
CmdLine:	C:\Users\Moungsung Im\Desktop\内爹傍何\KalimbaMusicSheet\MusicSheetConverter.exe --l4j-debug
WOW64:		yes
Working dir:	C:\Users\Moungsung Im\Desktop\内爹傍何\KalimbaMusicSheet\.
Java min ver:	1.060.000
Java max ver:	
Bundled JRE:	jre
Check launcher:	C:\Users\Moungsung Im\Desktop\内爹傍何\KalimbaMusicSheet\jre\bin\javaw.exe (not found)
64-bit search:	SOFTWARE\JavaSoft\Java Runtime Environment...
Check:		SOFTWARE\JavaSoft\Java Runtime Environment\1.8
Ignore:		1.008.000
Check:		SOFTWARE\JavaSoft\Java Runtime Environment\1.8.0_144
Ignore:		1.008.000_144
Check:		SOFTWARE\JavaSoft\Java Runtime Environment\1.8.0_231
Ignore:		1.008.000_231
32-bit search:	SOFTWARE\JavaSoft\Java Runtime Environment...
64-bit search:	SOFTWARE\JavaSoft\Java Development Kit...
Check:		SOFTWARE\JavaSoft\Java Development Kit\1.8
Ignore:		1.008.000
Check:		SOFTWARE\JavaSoft\Java Development Kit\1.8.0_144
Ignore:		1.008.000_144
32-bit search:	SOFTWARE\JavaSoft\Java Development Kit...
64-bit search:	SOFTWARE\JavaSoft\JRE...
32-bit search:	SOFTWARE\JavaSoft\JRE...
64-bit search:	SOFTWARE\JavaSoft\JDK...
32-bit search:	SOFTWARE\JavaSoft\JDK...
64-bit search:	SOFTWARE\IBM\Java Runtime Environment...
32-bit search:	SOFTWARE\IBM\Java Runtime Environment...
64-bit search:	SOFTWARE\IBM\Java Development Kit...
32-bit search:	SOFTWARE\IBM\Java Development Kit...
64-bit search:	SOFTWARE\IBM\Java2 Runtime Environment...
32-bit search:	SOFTWARE\IBM\Java2 Runtime Environment...
64-bit search:	SOFTWARE\IBM\Java Development Kit...
32-bit search:	SOFTWARE\IBM\Java Development Kit...
Error msg:	This application requires a Java Runtime Environment 60
Open URL:	http://java.com/download


Version:	3.12
CmdLine:	C:\Users\Moungsung Im\Desktop\内爹傍何\KalimbaMusicSheet\MusicSheetConverter.exe --l4j-debug
WOW64:		yes
Working dir:	C:\Users\Moungsung Im\Desktop\内爹傍何\KalimbaMusicSheet\.
Java min ver:	1.060.000
Java max ver:	
Bundled JRE:	jre
Check launcher:	C:\Users\Moungsung Im\Desktop\内爹傍何\KalimbaMusicSheet\jre\bin\javaw.exe (not found)
64-bit search:	SOFTWARE\JavaSoft\Java Runtime Environment...
Check:		SOFTWARE\JavaSoft\Java Runtime Environment\1.8
Ignore:		1.008.000
Check:		SOFTWARE\JavaSoft\Java Runtime Environment\1.8.0_144
Ignore:		1.008.000_144
Check:		SOFTWARE\JavaSoft\Java Runtime Environment\1.8.0_231
Ignore:		1.008.000_231
32-bit search:	SOFTWARE\JavaSoft\Java Runtime Environment...
64-bit search:	SOFTWARE\JavaSoft\Java Development Kit...
Check:		SOFTWARE\JavaSoft\Java Development Kit\1.8
Ignore:		1.008.000
Check:		SOFTWARE\JavaSoft\Java Development Kit\1.8.0_144
Ignore:		1.008.000_144
32-bit search:	SOFTWARE\JavaSoft\Java Development Kit...
64-bit search:	SOFTWARE\JavaSoft\JRE...
32-bit search:	SOFTWARE\JavaSoft\JRE...
64-bit search:	SOFTWARE\JavaSoft\JDK...
32-bit search:	SOFTWARE\JavaSoft\JDK...
64-bit search:	SOFTWARE\IBM\Java Runtime Environment...
32-bit search:	SOFTWARE\IBM\Java Runtime Environment...
64-bit search:	SOFTWARE\IBM\Java Development Kit...
32-bit search:	SOFTWARE\IBM\Java Development Kit...
64-bit search:	SOFTWARE\IBM\Java2 Runtime Environment...
32-bit search:	SOFTWARE\IBM\Java2 Runtime Environment...
64-bit search:	SOFTWARE\IBM\Java Development Kit...
32-bit search:	SOFTWARE\IBM\Java Development Kit...
Error msg:	This application requires a Java Runtime Environment 60
Open URL:	http://java.com/download


Version:	3.12
CmdLine:	C:\Users\Moungsung Im\Desktop\内爹傍何\KalimbaMusicSheet\MusicSheetConverter.exe --l4j-debug
WOW64:		yes
Working dir:	C:\Users\Moungsung Im\Desktop\内爹傍何\KalimbaMusicSheet\.
Java min ver:	1.060.000
Java max ver:	
Bundled JRE:	jre
Check launcher:	C:\Users\Moungsung Im\Desktop\内爹傍何\KalimbaMusicSheet\jre\bin\javaw.exe (not found)
64-bit search:	SOFTWARE\JavaSoft\Java Runtime Environment...
Check:		SOFTWARE\JavaSoft\Java Runtime Environment\1.8
Ignore:		1.008.000
Check:		SOFTWARE\JavaSoft\Java Runtime Environment\1.8.0_144
Ignore:		1.008.000_144
Check:		SOFTWARE\JavaSoft\Java Runtime Environment\1.8.0_231
Ignore:		1.008.000_231
32-bit search:	SOFTWARE\JavaSoft\Java Runtime Environment...
64-bit search:	SOFTWARE\JavaSoft\Java Development Kit...
Check:		SOFTWARE\JavaSoft\Java Development Kit\1.8
Ignore:		1.008.000
Check:		SOFTWARE\JavaSoft\Java Development Kit\1.8.0_144
Ignore:		1.008.000_144
32-bit search:	SOFTWARE\JavaSoft\Java Development Kit...
64-bit search:	SOFTWARE\JavaSoft\JRE...
32-bit search:	SOFTWARE\JavaSoft\JRE...
64-bit search:	SOFTWARE\JavaSoft\JDK...
32-bit search:	SOFTWARE\JavaSoft\JDK...
64-bit search:	SOFTWARE\IBM\Java Runtime Environment...
32-bit search:	SOFTWARE\IBM\Java Runtime Environment...
64-bit search:	SOFTWARE\IBM\Java Development Kit...
32-bit search:	SOFTWARE\IBM\Java Development Kit...
64-bit search:	SOFTWARE\IBM\Java2 Runtime Environment...
32-bit search:	SOFTWARE\IBM\Java2 Runtime Environment...
64-bit search:	SOFTWARE\IBM\Java Development Kit...
32-bit search:	SOFTWARE\IBM\Java Development Kit...
Error msg:	This application requires a Java Runtime Environment 60
Open URL:	http://java.com/download


Version:	3.12
CmdLine:	C:\Users\Moungsung Im\Desktop\内爹傍何\KalimbaMusicSheet\MusicSheetConverter.exe --l4j-debug
WOW64:		yes
Working dir:	C:\Users\Moungsung Im\Desktop\内爹傍何\KalimbaMusicSheet\.
Java min ver:	1.060.000
Java max ver:	
Bundled JRE:	jre
Check launcher:	C:\Users\Moungsung Im\Desktop\内爹傍何\KalimbaMusicSheet\jre\bin\javaw.exe (not found)
64-bit search:	SOFTWARE\JavaSoft\Java Runtime Environment...
Check:		SOFTWARE\JavaSoft\Java Runtime Environment\1.8
Ignore:		1.008.000
Check:		SOFTWARE\JavaSoft\Java Runtime Environment\1.8.0_144
Ignore:		1.008.000_144
Check:		SOFTWARE\JavaSoft\Java Runtime Environment\1.8.0_231
Ignore:		1.008.000_231
32-bit search:	SOFTWARE\JavaSoft\Java Runtime Environment...
64-bit search:	SOFTWARE\JavaSoft\Java Development Kit...
Check:		SOFTWARE\JavaSoft\Java Development Kit\1.8
Ignore:		1.008.000
Check:		SOFTWARE\JavaSoft\Java Development Kit\1.8.0_144
Ignore:		1.008.000_144
32-bit search:	SOFTWARE\JavaSoft\Java Development Kit...
64-bit search:	SOFTWARE\JavaSoft\JRE...
32-bit search:	SOFTWARE\JavaSoft\JRE...
64-bit search:	SOFTWARE\JavaSoft\JDK...
32-bit search:	SOFTWARE\JavaSoft\JDK...
64-bit search:	SOFTWARE\IBM\Java Runtime Environment...
32-bit search:	SOFTWARE\IBM\Java Runtime Environment...
64-bit search:	SOFTWARE\IBM\Java Development Kit...
32-bit search:	SOFTWARE\IBM\Java Development Kit...
64-bit search:	SOFTWARE\IBM\Java2 Runtime Environment...
32-bit search:	SOFTWARE\IBM\Java2 Runtime Environment...
64-bit search:	SOFTWARE\IBM\Java Development Kit...
32-bit search:	SOFTWARE\IBM\Java Development Kit...
Error msg:	This application requires a Java Runtime Environment 60
Open URL:	http://java.com/download


Version:	3.12
CmdLine:	C:\Users\Moungsung Im\Desktop\内爹傍何\KalimbaMusicSheet\MusicSheetConverter.exe --l4j-debug
WOW64:		yes
Working dir:	C:\Users\Moungsung Im\Desktop\内爹傍何\KalimbaMusicSheet\.
Java min ver:	1.008.000
Java max ver:	
64-bit search:	SOFTWARE\JavaSoft\Java Runtime Environment...
32-bit search:	SOFTWARE\JavaSoft\Java Runtime Environment...
Check:		SOFTWARE\JavaSoft\Java Runtime Environment\1.8
Check launcher:	C:\Program Files (x86)\Java\jre1.8.0_301\bin\javaw.exe (OK)
Match:		1.008.000
Check:		SOFTWARE\JavaSoft\Java Runtime Environment\1.8.0_301
Check launcher:	C:\Program Files (x86)\Java\jre1.8.0_301\bin\javaw.exe (OK)
Match:		1.008.000_301
64-bit search:	SOFTWARE\JavaSoft\Java Development Kit...
Check:		SOFTWARE\JavaSoft\Java Development Kit\1.8
Ignore:		1.008.000
Check:		SOFTWARE\JavaSoft\Java Development Kit\1.8.0_144
Ignore:		1.008.000_144
32-bit search:	SOFTWARE\JavaSoft\Java Development Kit...
64-bit search:	SOFTWARE\JavaSoft\JRE...
32-bit search:	SOFTWARE\JavaSoft\JRE...
64-bit search:	SOFTWARE\JavaSoft\JDK...
32-bit search:	SOFTWARE\JavaSoft\JDK...
Runtime used:	1.008.000_301 (32-bit)
Launcher:	C:\Program Files (x86)\Java\jre1.8.0_301\bin\javaw.exe
Launcher args:	-jar "C:\Users\Moungsung Im\Desktop\内爹傍何\KalimbaMusicSheet\MusicSheetConverter.exe"
Args length:	87/32768 chars
Exit code:	0


Version:	3.12
CmdLine:	C:\Users\Moungsung Im\Desktop\内爹傍何\KalimbaMusicSheet\MusicSheetConverter.exe --l4j-debug
WOW64:		yes
Working dir:	C:\Users\Moungsung Im\Desktop\内爹傍何\KalimbaMusicSheet\.
Java min ver:	1.008.000
Java max ver:	
64-bit search:	SOFTWARE\JavaSoft\Java Runtime Environment...
32-bit search:	SOFTWARE\JavaSoft\Java Runtime Environment...
Check:		SOFTWARE\JavaSoft\Java Runtime Environment\1.8
Check launcher:	C:\Program Files (x86)\Java\jre1.8.0_301\bin\javaw.exe (OK)
Match:		1.008.000
Check:		SOFTWARE\JavaSoft\Java Runtime Environment\1.8.0_301
Check launcher:	C:\Program Files (x86)\Java\jre1.8.0_301\bin\javaw.exe (OK)
Match:		1.008.000_301
64-bit search:	SOFTWARE\JavaSoft\Java Development Kit...
Check:		SOFTWARE\JavaSoft\Java Development Kit\1.8
Ignore:		1.008.000
Check:		SOFTWARE\JavaSoft\Java Development Kit\1.8.0_144
Ignore:		1.008.000_144
32-bit search:	SOFTWARE\JavaSoft\Java Development Kit...
64-bit search:	SOFTWARE\JavaSoft\JRE...
32-bit search:	SOFTWARE\JavaSoft\JRE...
64-bit search:	SOFTWARE\JavaSoft\JDK...
32-bit search:	SOFTWARE\JavaSoft\JDK...
Runtime used:	1.008.000_301 (32-bit)
Launcher:	C:\Program Files (x86)\Java\jre1.8.0_301\bin\javaw.exe
Launcher args:	-jar "C:\Users\Moungsung Im\Desktop\内爹傍何\KalimbaMusicSheet\MusicSheetConverter.exe"
Args length:	87/32768 chars
Exit code:	0


Version:	3.12
CmdLine:	C:\Users\Moungsung Im\Desktop\内爹傍何\KalimbaMusicSheet\MusicSheetConverter.exe --l4j-debug
WOW64:		yes
Working dir:	C:\Users\Moungsung Im\Desktop\内爹傍何\KalimbaMusicSheet\.
Java min ver:	1.008.000
Java max ver:	
64-bit search:	SOFTWARE\JavaSoft\Java Runtime Environment...
32-bit search:	SOFTWARE\JavaSoft\Java Runtime Environment...
64-bit search:	SOFTWARE\JavaSoft\Java Development Kit...
Check:		SOFTWARE\JavaSoft\Java Development Kit\1.8
Check launcher:	C:\Program Files\Java\jdk1.8.0_144\bin\javaw.exe (OK)
Match:		1.008.000
Check:		SOFTWARE\JavaSoft\Java Development Kit\1.8.0_144
Check launcher:	C:\Program Files\Java\jdk1.8.0_144\bin\javaw.exe (OK)
Match:		1.008.000_144
64-bit search:	SOFTWARE\JavaSoft\JRE...
64-bit search:	SOFTWARE\JavaSoft\JDK...
Runtime used:	1.008.000_144 (64-bit)
Launcher:	C:\Program Files\Java\jdk1.8.0_144\bin\javaw.exe
Launcher args:	-jar "C:\Users\Moungsung Im\Desktop\内爹傍何\KalimbaMusicSheet\MusicSheetConverter.exe"
Args length:	87/32768 chars
Exit code:	0


Version:	3.12
CmdLine:	C:\Users\Moungsung Im\Desktop\内爹傍何\KalimbaMusicSheet\MusicSheetConverter.exe --l4j-debug
WOW64:		yes
Working dir:	C:\Users\Moungsung Im\Desktop\内爹傍何\KalimbaMusicSheet\.
Java min ver:	1.008.000
Java max ver:	
64-bit search:	SOFTWARE\JavaSoft\Java Runtime Environment...
32-bit search:	SOFTWARE\JavaSoft\Java Runtime Environment...
64-bit search:	SOFTWARE\JavaSoft\Java Development Kit...
Check:		SOFTWARE\JavaSoft\Java Development Kit\1.8
Check launcher:	C:\Program Files\Java\jdk1.8.0_144\bin\javaw.exe (OK)
Match:		1.008.000
Check:		SOFTWARE\JavaSoft\Java Development Kit\1.8.0_144
Check launcher:	C:\Program Files\Java\jdk1.8.0_144\bin\javaw.exe (OK)
Match:		1.008.000_144
64-bit search:	SOFTWARE\JavaSoft\JRE...
64-bit search:	SOFTWARE\JavaSoft\JDK...
Runtime used:	1.008.000_144 (64-bit)
Launcher:	C:\Program Files\Java\jdk1.8.0_144\bin\javaw.exe
Launcher args:	-jar "C:\Users\Moungsung Im\Desktop\内爹傍何\KalimbaMusicSheet\MusicSheetConverter.exe"
Args length:	87/32768 chars
Exit code:	0


Version:	3.12
CmdLine:	C:\Users\Moungsung Im\Desktop\内爹傍何\KalimbaMusicSheet\MusicSheetConverter.exe --l4j-debug
WOW64:		yes
Working dir:	C:\Users\Moungsung Im\Desktop\内爹傍何\KalimbaMusicSheet\.
Java min ver:	1.008.000
Java max ver:	
64-bit search:	SOFTWARE\JavaSoft\Java Runtime Environment...
32-bit search:	SOFTWARE\JavaSoft\Java Runtime Environment...
64-bit search:	SOFTWARE\JavaSoft\Java Development Kit...
Check:		SOFTWARE\JavaSoft\Java Development Kit\1.8
Check launcher:	C:\Program Files\Java\jdk1.8.0_144\bin\javaw.exe (OK)
Match:		1.008.000
Check:		SOFTWARE\JavaSoft\Java Development Kit\1.8.0_144
Check launcher:	C:\Program Files\Java\jdk1.8.0_144\bin\javaw.exe (OK)
Match:		1.008.000_144
64-bit search:	SOFTWARE\JavaSoft\JRE...
64-bit search:	SOFTWARE\JavaSoft\JDK...
Runtime used:	1.008.000_144 (64-bit)
Launcher:	C:\Program Files\Java\jdk1.8.0_144\bin\javaw.exe
Launcher args:	-jar "C:\Users\Moungsung Im\Desktop\内爹傍何\KalimbaMusicSheet\MusicSheetConverter.exe"
Args length:	87/32768 chars
Exit code:	0


Version:	3.12
CmdLine:	C:\Users\Moungsung Im\Desktop\内爹傍何\KalimbaMusicSheet\MusicSheetConverter.exe --l4j-debug
WOW64:		yes
Working dir:	C:\Users\Moungsung Im\Desktop\内爹傍何\KalimbaMusicSheet\.
Java min ver:	1.008.000
Java max ver:	
64-bit search:	SOFTWARE\JavaSoft\Java Runtime Environment...
Check:		SOFTWARE\JavaSoft\Java Runtime Environment\1.8
Check launcher:	C:\Program Files\Java\jre1.8.0_301\bin\javaw.exe (OK)
Match:		1.008.000
Check:		SOFTWARE\JavaSoft\Java Runtime Environment\1.8.0_301
Check launcher:	C:\Program Files\Java\jre1.8.0_301\bin\javaw.exe (OK)
Match:		1.008.000_301
64-bit search:	SOFTWARE\JavaSoft\Java Development Kit...
Check:		SOFTWARE\JavaSoft\Java Development Kit\1.8
Ignore:		1.008.000
Check:		SOFTWARE\JavaSoft\Java Development Kit\1.8.0_144
Ignore:		1.008.000_144
64-bit search:	SOFTWARE\JavaSoft\JRE...
64-bit search:	SOFTWARE\JavaSoft\JDK...
Runtime used:	1.008.000_301 (64-bit)
Launcher:	C:\Program Files\Java\jre1.8.0_301\bin\javaw.exe
Launcher args:	-jar "C:\Users\Moungsung Im\Desktop\内爹傍何\KalimbaMusicSheet\MusicSheetConverter.exe"
Args length:	87/32768 chars
Exit code:	0


Version:	3.12
CmdLine:	C:\Users\Moungsung Im\Desktop\内爹傍何\KalimbaMusicSheet\MusicSheetConverter.exe --l4j-debug
WOW64:		yes
Working dir:	C:\Users\Moungsung Im\Desktop\内爹傍何\KalimbaMusicSheet\.
Java min ver:	1.008.000
Java max ver:	
64-bit search:	SOFTWARE\JavaSoft\Java Runtime Environment...
Check:		SOFTWARE\JavaSoft\Java Runtime Environment\1.8
Check launcher:	C:\Program Files\Java\jre1.8.0_301\bin\javaw.exe (OK)
Match:		1.008.000
Check:		SOFTWARE\JavaSoft\Java Runtime Environment\1.8.0_301
Check launcher:	C:\Program Files\Java\jre1.8.0_301\bin\javaw.exe (OK)
Match:		1.008.000_301
64-bit search:	SOFTWARE\JavaSoft\Java Development Kit...
Check:		SOFTWARE\JavaSoft\Java Development Kit\1.8
Ignore:		1.008.000
Check:		SOFTWARE\JavaSoft\Java Development Kit\1.8.0_144
Ignore:		1.008.000_144
64-bit search:	SOFTWARE\JavaSoft\JRE...
64-bit search:	SOFTWARE\JavaSoft\JDK...
Check:		SOFTWARE\JavaSoft\JDK\17
Check launcher:	C:\Program Files\Java\jdk-17\bin\javaw.exe (OK)
Match:		1.017.000
Runtime used:	1.017.000 (64-bit)
Launcher:	C:\Program Files\Java\jdk-17\bin\javaw.exe
Launcher args:	-jar "C:\Users\Moungsung Im\Desktop\内爹傍何\KalimbaMusicSheet\MusicSheetConverter.exe"
Args length:	87/32768 chars
Exit code:	0


Version:	3.12
CmdLine:	C:\Users\Moungsung Im\Desktop\内爹傍何\KalimbaMusicSheet\MusicSheetConverter.exe --l4j-debug
WOW64:		yes
Working dir:	C:\Users\Moungsung Im\Desktop\内爹傍何\KalimbaMusicSheet\.
Java min ver:	1.008.000
Java max ver:	
64-bit search:	SOFTWARE\JavaSoft\Java Runtime Environment...
Check:		SOFTWARE\JavaSoft\Java Runtime Environment\1.8
Check launcher:	C:\Program Files\Java\jre1.8.0_301\bin\javaw.exe (OK)
Match:		1.008.000
Check:		SOFTWARE\JavaSoft\Java Runtime Environment\1.8.0_301
Check launcher:	C:\Program Files\Java\jre1.8.0_301\bin\javaw.exe (OK)
Match:		1.008.000_301
64-bit search:	SOFTWARE\JavaSoft\Java Development Kit...
Check:		SOFTWARE\JavaSoft\Java Development Kit\1.8
Ignore:		1.008.000
Check:		SOFTWARE\JavaSoft\Java Development Kit\1.8.0_144
Ignore:		1.008.000_144
64-bit search:	SOFTWARE\JavaSoft\JRE...
64-bit search:	SOFTWARE\JavaSoft\JDK...
Check:		SOFTWARE\JavaSoft\JDK\17
Check launcher:	C:\Program Files\Java\jdk-17\bin\javaw.exe (OK)
Match:		1.017.000
Runtime used:	1.017.000 (64-bit)
Launcher:	C:\Program Files\Java\jdk-17\bin\javaw.exe
Launcher args:	-jar "C:\Users\Moungsung Im\Desktop\内爹傍何\KalimbaMusicSheet\MusicSheetConverter.exe"
Args length:	87/32768 chars
Exit code:	0
